time="2021-01-25T17:30:10+01:00" level=info msg="[rke_provider] rke cluster changed arguments: map[cluster_name:true kubernetes_version:true]"
time="2021-01-26T11:24:13+01:00" level=info msg="[rke_provider] rke cluster changed arguments: map[cluster_name:true kubernetes_version:true]"
time="2021-01-26T11:24:49+01:00" level=info msg="[rke_provider] rke cluster changed arguments: map[cluster_name:true kubernetes_version:true]"
time="2021-01-26T11:26:37+01:00" level=info msg="[rke_provider] rke cluster changed arguments: map[cluster_name:true kubernetes_version:true]"
time="2021-01-26T11:29:21+01:00" level=info msg="[rke_provider] rke cluster changed arguments: map[cluster_name:true kubernetes_version:true]"
time="2021-01-26T11:33:30+01:00" level=info msg="[rke_provider] rke cluster changed arguments: map[cluster_name:true kubernetes_version:true]"
time="2021-01-26T11:33:50+01:00" level=info msg="[rke_provider] rke cluster changed arguments: map[cluster_name:true kubernetes_version:true]"
time="2021-01-26T11:36:28+01:00" level=info msg="[rke_provider] rke cluster changed arguments: map[cluster_name:true kubernetes_version:true]"
time="2021-01-26T11:36:28+01:00" level=info msg="Creating RKE cluster..."
time="2021-01-26T11:36:28+01:00" level=info msg="Initiating Kubernetes cluster"
time="2021-01-26T11:36:28+01:00" level=warning msg="[state] can't fetch legacy cluster state from Kubernetes: Cluster must have at least one etcd plane host: please specify one or more etcd in cluster config"
time="2021-01-26T11:36:28+01:00" level=info msg="[certificates] Generating CA kubernetes certificates"
time="2021-01-26T11:36:28+01:00" level=info msg="[certificates] Generating Kubernetes API server aggregation layer requestheader client CA certificates"
time="2021-01-26T11:36:29+01:00" level=info msg="[certificates] GenerateServingCertificate is disabled, checking if there are unused kubelet certificates"
time="2021-01-26T11:36:29+01:00" level=info msg="[certificates] Generating Kubernetes API server certificates"
time="2021-01-26T11:36:29+01:00" level=info msg="[certificates] Generating Service account token key"
time="2021-01-26T11:36:29+01:00" level=info msg="[certificates] Generating Kube Controller certificates"
time="2021-01-26T11:36:29+01:00" level=info msg="[certificates] Generating Kube Scheduler certificates"
time="2021-01-26T11:36:29+01:00" level=info msg="[certificates] Generating Kube Proxy certificates"
time="2021-01-26T11:36:30+01:00" level=info msg="[certificates] Generating Node certificate"
time="2021-01-26T11:36:30+01:00" level=info msg="[certificates] Generating admin certificates and kubeconfig"
time="2021-01-26T11:36:30+01:00" level=info msg="[certificates] Generating Kubernetes API server proxy client certificates"
time="2021-01-26T11:36:30+01:00" level=info msg="Successfully Deployed state file at [/home/kevin/cluster1/rke/terraform-provider-rke-tmp-449535309/cluster.rkestate]"
time="2021-01-26T11:36:30+01:00" level=info msg="Building Kubernetes cluster"
time="2021-01-26T12:11:18+01:00" level=info msg="Reading RKE cluster 98fdb1fe-c434-4afd-bacd-ef99c2fbc270 ..."
time="2021-01-26T12:11:22+01:00" level=info msg="Deleting RKE cluster..."
time="2021-01-26T12:11:22+01:00" level=info msg="Tearing down Kubernetes cluster"
time="2021-01-26T12:11:38+01:00" level=info msg="[rke_provider] rke cluster changed arguments: map[cluster_name:true kubernetes_version:true]"
time="2021-01-26T12:14:08+01:00" level=info msg="[rke_provider] rke cluster changed arguments: map[cluster_name:true kubernetes_version:true]"
time="2021-01-26T12:14:08+01:00" level=info msg="Creating RKE cluster..."
time="2021-01-26T12:14:08+01:00" level=info msg="Initiating Kubernetes cluster"
time="2021-01-26T12:14:08+01:00" level=warning msg="[state] can't fetch legacy cluster state from Kubernetes: Cluster must have at least one etcd plane host: please specify one or more etcd in cluster config"
time="2021-01-26T12:14:08+01:00" level=info msg="[certificates] Generating CA kubernetes certificates"
time="2021-01-26T12:14:08+01:00" level=info msg="[certificates] Generating Kubernetes API server aggregation layer requestheader client CA certificates"
time="2021-01-26T12:14:08+01:00" level=info msg="[certificates] GenerateServingCertificate is disabled, checking if there are unused kubelet certificates"
time="2021-01-26T12:14:08+01:00" level=info msg="[certificates] Generating Kubernetes API server certificates"
time="2021-01-26T12:14:09+01:00" level=info msg="[certificates] Generating Service account token key"
time="2021-01-26T12:14:09+01:00" level=info msg="[certificates] Generating Kube Controller certificates"
time="2021-01-26T12:14:09+01:00" level=info msg="[certificates] Generating Kube Scheduler certificates"
time="2021-01-26T12:14:09+01:00" level=info msg="[certificates] Generating Kube Proxy certificates"
time="2021-01-26T12:14:09+01:00" level=info msg="[certificates] Generating Node certificate"
time="2021-01-26T12:14:09+01:00" level=info msg="[certificates] Generating admin certificates and kubeconfig"
time="2021-01-26T12:14:10+01:00" level=info msg="[certificates] Generating Kubernetes API server proxy client certificates"
time="2021-01-26T12:14:10+01:00" level=info msg="Successfully Deployed state file at [/home/kevin/cluster1/rke/terraform-provider-rke-tmp-305622260/cluster.rkestate]"
time="2021-01-26T12:14:10+01:00" level=info msg="Building Kubernetes cluster"
time="2021-01-26T13:12:21+01:00" level=info msg="Reading RKE cluster 281e720d-d3d8-483e-a885-f54d88c2e95e ..."
time="2021-01-26T13:12:24+01:00" level=info msg="Deleting RKE cluster..."
time="2021-01-26T13:12:24+01:00" level=info msg="Tearing down Kubernetes cluster"
time="2021-01-26T13:12:37+01:00" level=info msg="[rke_provider] rke cluster changed arguments: map[cluster_name:true kubernetes_version:true]"
time="2021-01-26T13:15:05+01:00" level=info msg="[rke_provider] rke cluster changed arguments: map[cluster_name:true kubernetes_version:true]"
time="2021-01-26T13:15:05+01:00" level=info msg="Creating RKE cluster..."
time="2021-01-26T13:15:05+01:00" level=info msg="Initiating Kubernetes cluster"
time="2021-01-26T13:15:05+01:00" level=warning msg="[state] can't fetch legacy cluster state from Kubernetes: Cluster must have at least one etcd plane host: please specify one or more etcd in cluster config"
time="2021-01-26T13:15:05+01:00" level=info msg="[certificates] Generating CA kubernetes certificates"
time="2021-01-26T13:15:05+01:00" level=info msg="[certificates] Generating Kubernetes API server aggregation layer requestheader client CA certificates"
time="2021-01-26T13:15:05+01:00" level=info msg="[certificates] GenerateServingCertificate is disabled, checking if there are unused kubelet certificates"
time="2021-01-26T13:15:05+01:00" level=info msg="[certificates] Generating Kubernetes API server certificates"
time="2021-01-26T13:15:05+01:00" level=info msg="[certificates] Generating Service account token key"
time="2021-01-26T13:15:05+01:00" level=info msg="[certificates] Generating Kube Controller certificates"
time="2021-01-26T13:15:06+01:00" level=info msg="[certificates] Generating Kube Scheduler certificates"
time="2021-01-26T13:15:06+01:00" level=info msg="[certificates] Generating Kube Proxy certificates"
time="2021-01-26T13:15:06+01:00" level=info msg="[certificates] Generating Node certificate"
time="2021-01-26T13:15:06+01:00" level=info msg="[certificates] Generating admin certificates and kubeconfig"
time="2021-01-26T13:15:07+01:00" level=info msg="[certificates] Generating Kubernetes API server proxy client certificates"
time="2021-01-26T13:15:07+01:00" level=info msg="Successfully Deployed state file at [/home/kevin/cluster1/rke/terraform-provider-rke-tmp-455662995/cluster.rkestate]"
time="2021-01-26T13:15:07+01:00" level=info msg="Building Kubernetes cluster"
